<?xml version="1.0" encoding="UTF-8" standalone="no"?>
<testsuite errors="0" failures="0" name="io.cucumber.core.plugin.JUnitFormatter" skipped="0" tests="1" time="22.167">
    <testcase classname="jqueryui" name="check selectable many with swipe functionality" time="20.989">
        <system-out><![CDATA[Given user is on selectable page............................................passed
Then check if user is on selectable page....................................passed
Given pointer get to selectable elements....................................passed
When user action click and drag from element 2 to element 4.................passed
Then element 2 element 3 and element 4 is colered "rgba(243, 152, 20, 1)"...passed
]]></system-out>
    </testcase>
</testsuite>
